
[debug] [2019-12-10T20:32:05.176Z] ----------------------------------------------------------------------
[debug] [2019-12-10T20:32:05.180Z] Command:       C:\Program Files\nodejs\node.exe C:\Users\13144\AppData\Roaming\npm\node_modules\firebase-tools\lib\bin\firebase.js serve --only hosting
[debug] [2019-12-10T20:32:05.180Z] CLI Version:   7.9.0
[debug] [2019-12-10T20:32:05.180Z] Platform:      win32
[debug] [2019-12-10T20:32:05.181Z] Node Version:  v12.13.1
[debug] [2019-12-10T20:32:05.182Z] Time:          Tue Dec 10 2019 15:32:05 GMT-0500 (Eastern Standard Time)
[debug] [2019-12-10T20:32:05.183Z] ----------------------------------------------------------------------
[debug] [2019-12-10T20:32:05.183Z] 
[debug] [2019-12-10T20:32:05.198Z] > command requires scopes: ["email","openid","https://www.googleapis.com/auth/cloudplatformprojects.readonly","https://www.googleapis.com/auth/firebase","https://www.googleapis.com/auth/cloud-platform"]
[debug] [2019-12-10T20:32:05.199Z] > authorizing via signed-in user
[debug] [2019-12-10T20:32:05.199Z] [iam] checking project final-f637a for permissions ["firebase.projects.get"]
[debug] [2019-12-10T20:32:05.203Z] >>> HTTP REQUEST POST https://cloudresourcemanager.googleapis.com/v1/projects/final-f637a:testIamPermissions  

[debug] [2019-12-10T20:32:07.979Z] <<< HTTP RESPONSE 200
[debug] [2019-12-10T20:32:07.987Z] >>> HTTP REQUEST GET https://firebase.googleapis.com/v1beta1/projects/final-f637a  
 
[debug] [2019-12-10T20:32:10.534Z] <<< HTTP RESPONSE 200
[debug] [2019-12-10T20:32:10.537Z] >>> HTTP REQUEST GET https://firebase.googleapis.com/v1beta1/projects/final-f637a/webApps/-/config  
 
[debug] [2019-12-10T20:32:11.456Z] <<< HTTP RESPONSE 200
[info] i  hosting: Serving hosting files from: public
[info] +  hosting: Local server: http://localhost:5000
[debug] [2019-12-10T21:04:45.586Z] ----------------------------------------------------------------------
[debug] [2019-12-10T21:04:45.591Z] Command:       C:\Program Files\nodejs\node.exe C:\Users\13144\AppData\Roaming\npm\node_modules\firebase-tools\lib\bin\firebase.js serve
[debug] [2019-12-10T21:04:45.591Z] CLI Version:   7.9.0
[debug] [2019-12-10T21:04:45.591Z] Platform:      win32
[debug] [2019-12-10T21:04:45.591Z] Node Version:  v12.13.1
[debug] [2019-12-10T21:04:45.593Z] Time:          Tue Dec 10 2019 16:04:45 GMT-0500 (Eastern Standard Time)
[debug] [2019-12-10T21:04:45.593Z] ----------------------------------------------------------------------
[debug] [2019-12-10T21:04:45.593Z] 
[debug] [2019-12-10T21:04:45.660Z] > command requires scopes: ["email","openid","https://www.googleapis.com/auth/cloudplatformprojects.readonly","https://www.googleapis.com/auth/firebase","https://www.googleapis.com/auth/cloud-platform"]
[debug] [2019-12-10T21:04:45.661Z] > authorizing via signed-in user
[debug] [2019-12-10T21:04:45.661Z] [iam] checking project final-f637a for permissions ["firebase.projects.get"]
[debug] [2019-12-10T21:04:45.664Z] > refreshing access token with scopes: ["email","https://www.googleapis.com/auth/cloud-platform","https://www.googleapis.com/auth/cloudplatformprojects.readonly","https://www.googleapis.com/auth/firebase","openid"]
[debug] [2019-12-10T21:04:45.665Z] >>> HTTP REQUEST POST https://www.googleapis.com/oauth2/v3/token  
 <request body omitted>
[debug] [2019-12-10T21:04:45.890Z] <<< HTTP RESPONSE 200
[debug] [2019-12-10T21:04:45.920Z] >>> HTTP REQUEST POST https://cloudresourcemanager.googleapis.com/v1/projects/final-f637a:testIamPermissions  

[debug] [2019-12-10T21:04:46.163Z] <<< HTTP RESPONSE 200
[debug] [2019-12-10T21:04:46.166Z] >>> HTTP REQUEST GET https://firebase.googleapis.com/v1beta1/projects/final-f637a  
 
[debug] [2019-12-10T21:04:46.372Z] <<< HTTP RESPONSE 200
[info] 
[info] === Serving from 'C:\Users\13144\Documents\GitHub\Comp426Final'...
[info] 
[debug] [2019-12-10T21:04:46.385Z] >>> HTTP REQUEST GET https://firebase.googleapis.com/v1beta1/projects/final-f637a/webApps/-/config  
 
[debug] [2019-12-10T21:04:46.886Z] <<< HTTP RESPONSE 200
[info] i  hosting: Serving hosting files from: public
[info] +  hosting: Local server: http://localhost:5000
[warn] !  Your requested "node" version "8" doesn't match your global version "12"
[info] +  functions: Emulator started at http://localhost:5001
[info] i  functions: Watching "C:\Users\13144\Documents\GitHub\Comp426Final\functions" for Cloud Functions...
[debug] [2019-12-10T21:04:48.008Z] [worker-~diagnostic~-ac93c3ef-b14c-4395-b5e8-02818127d94b]: Assigning socketPath: \\?\pipe\C:\Users\13144\Documents\GitHub\Comp426Final\functions\9096
[debug] [2019-12-10T21:04:48.010Z] [worker-~diagnostic~-ac93c3ef-b14c-4395-b5e8-02818127d94b]: BUSY
[debug] [2019-12-10T21:04:48.513Z] [runtime-status] [9096] Functions runtime initialized. {"cwd":"C:\\Users\\13144\\Documents\\GitHub\\Comp426Final\\functions","node_version":"12.13.1"}
[debug] [2019-12-10T21:04:48.514Z] [runtime-status] [9096] Disabled runtime features: {"functions_config_helper":true,"network_filtering":true,"timeout":true,"memory_limiting":true,"admin_stubs":true,"pubsub_emulator":true}
[debug] [2019-12-10T21:04:48.532Z] [runtime-status] [9096] Resolved module firebase-admin {"declared":true,"installed":true,"version":"8.8.0","resolution":"C:\\Users\\13144\\Documents\\GitHub\\Comp426Final\\functions\\node_modules\\firebase-admin\\lib\\index.js"}
[debug] [2019-12-10T21:04:48.551Z] [runtime-status] [9096] Resolved module firebase-functions {"declared":true,"installed":true,"version":"3.3.0","resolution":"C:\\Users\\13144\\Documents\\GitHub\\Comp426Final\\functions\\node_modules\\firebase-functions\\lib\\index.js"}
[debug] [2019-12-10T21:04:48.553Z] [runtime-status] [9096] Resolved module firebase-functions {"declared":true,"installed":true,"version":"3.3.0","resolution":"C:\\Users\\13144\\Documents\\GitHub\\Comp426Final\\functions\\node_modules\\firebase-functions\\lib\\index.js"}
[debug] [2019-12-10T21:04:49.500Z] [worker-~diagnostic~-ac93c3ef-b14c-4395-b5e8-02818127d94b]: exited
[debug] [2019-12-10T21:04:49.501Z] [worker-~diagnostic~-ac93c3ef-b14c-4395-b5e8-02818127d94b]: FINISHED
[debug] [2019-12-09T23:54:50.650Z] ----------------------------------------------------------------------
[debug] [2019-12-09T23:54:50.655Z] Command:       C:\Program Files\nodejs\node.exe C:\Users\walanpat\AppData\Roaming\npm\node_modules\firebase-tools\lib\bin\firebase.js emulators:start
[debug] [2019-12-09T23:54:50.656Z] CLI Version:   7.9.0
[debug] [2019-12-09T23:54:50.656Z] Platform:      win32
[debug] [2019-12-09T23:54:50.656Z] Node Version:  v10.16.3
[debug] [2019-12-09T23:54:50.658Z] Time:          Mon Dec 09 2019 18:54:50 GMT-0500 (Eastern Standard Time)
[debug] [2019-12-09T23:54:50.658Z] ----------------------------------------------------------------------
[debug] [2019-12-09T23:54:50.658Z] 
[debug] [2019-12-09T23:54:50.680Z] > command requires scopes: ["email","openid","https://www.googleapis.com/auth/cloudplatformprojects.readonly","https://www.googleapis.com/auth/firebase","https://www.googleapis.com/auth/cloud-platform"]
[debug] [2019-12-09T23:54:50.682Z] > authorizing via signed-in user
[info] i  emulators: Starting emulators: functions, firestore, database, hosting
[warn] !  Your requested "node" version "8" doesn't match your global version "10"
[info] +  functions: Emulator started at http://localhost:5001
[info] i  firestore: Serving ALL traffic (including WebChannel) on http://localhost:8080
[warn] !  firestore: Support for WebChannel on a separate port (8081) is DEPRECATED and will go away soon. Please use port above instead.
[debug] [2019-12-09T23:54:53.382Z] Ignoring unsupported arg: projectId
[debug] [2019-12-09T23:54:53.382Z] Ignoring unsupported arg: auto_download
[debug] [2019-12-09T23:54:53.382Z] Starting emulator firestore with command {"binary":"java","args":["-Duser.language=en","-jar","C:\\Users\\walanpat\\.cache\\firebase\\emulators\\cloud-firestore-emulator-v1.10.2.jar","--host","localhost","--port",8080,"--rules","C:\\Users\\walanpat\\Documents\\GitHub\\Comp426Final\\firestore.rules","--functions_emulator","localhost:5001","--webchannel_port",8081],"optionalArgs":["port","webchannel_port","host","rules","functions_emulator"],"joinArgs":false}
[info] i  firestore: Emulator logging to firestore-debug.log
[debug] [2019-12-09T23:54:55.050Z] API endpoint: http://localhost:8080
[debug] [2019-12-09T23:54:55.051Z] 
If you are using a library that supports the FIRESTORE_EMULATOR_HOST environment variable, run:

   export FIRESTORE_EMULATOR_HOST=localhost:8080

Dev App Server is now running.


[info] +  firestore: Emulator started at http://localhost:8080
[info] i  firestore: For testing set FIRESTORE_EMULATOR_HOST=localhost:8080
[debug] [2019-12-09T23:54:56.236Z] Ignoring unsupported arg: projectId
[debug] [2019-12-09T23:54:56.237Z] Ignoring unsupported arg: auto_download
[debug] [2019-12-09T23:54:56.237Z] Ignoring unsupported arg: rules
[debug] [2019-12-09T23:54:56.237Z] Starting emulator database with command {"binary":"java","args":["-Duser.language=en","-jar","C:\\Users\\walanpat\\.cache\\firebase\\emulators\\firebase-database-emulator-v4.2.0.jar","--host","localhost","--port",9000,"--functions_emulator_host","localhost","--functions_emulator_port",5001],"optionalArgs":["port","host","functions_emulator_port","functions_emulator_host"],"joinArgs":false}
[info] i  database: Emulator logging to database-debug.log
[debug] [2019-12-09T23:54:58.089Z] 18:54:58.088 [NamespaceSystem-akka.actor.default-dispatcher-3] INFO akka.event.slf4j.Slf4jLogger - Slf4jLogger started

[debug] [2019-12-09T23:54:58.375Z] 18:54:58.377 [main] INFO com.firebase.server.forge.App$ - Listening at localhost:9000

[info] +  database: Emulator started at http://localhost:9000
[info] i  database: For testing set FIREBASE_DATABASE_EMULATOR_HOST=localhost:9000
[debug] [2019-12-09T23:54:59.587Z] >>> HTTP REQUEST GET https://firebase.googleapis.com/v1beta1/projects/final-f637a/webApps/-/config  
 
[debug] [2019-12-09T23:55:00.208Z] <<< HTTP RESPONSE 200
[info] i  hosting: Serving hosting files from: ./public
[info] +  hosting: Local server: http://localhost:5000
[info] +  hosting: Emulator started at http://localhost:5000
[info] i  functions: Watching "C:\Users\walanpat\Documents\GitHub\Comp426Final\functions" for Cloud Functions...
[debug] [2019-12-09T23:55:00.799Z] [worker-~diagnostic~-5aa103e7-3a7f-4d15-bbb0-774d534ff3eb]: Assigning socketPath: \\?\pipe\C:\Users\walanpat\Documents\GitHub\Comp426Final\functions\9508
[debug] [2019-12-09T23:55:00.800Z] [worker-~diagnostic~-5aa103e7-3a7f-4d15-bbb0-774d534ff3eb]: BUSY
[debug] [2019-12-09T23:55:01.627Z] [runtime-status] [9508] Functions runtime initialized. {"cwd":"C:\\Users\\walanpat\\Documents\\GitHub\\Comp426Final\\functions","node_version":"10.16.3"}
[debug] [2019-12-09T23:55:01.629Z] [runtime-status] [9508] Disabled runtime features: undefined
[debug] [2019-12-09T23:55:01.639Z] [runtime-status] [9508] Resolved module firebase-admin {"declared":true,"installed":true,"version":"8.8.0","resolution":"C:\\Users\\walanpat\\Documents\\GitHub\\Comp426Final\\functions\\node_modules\\firebase-admin\\lib\\index.js"}
[debug] [2019-12-09T23:55:01.642Z] [runtime-status] [9508] Resolved module firebase-functions {"declared":true,"installed":true,"version":"3.3.0","resolution":"C:\\Users\\walanpat\\Documents\\GitHub\\Comp426Final\\functions\\node_modules\\firebase-functions\\lib\\index.js"}
[debug] [2019-12-09T23:55:02.354Z] [runtime-status] [9508] Found google-gax at C:\Users\walanpat\Documents\GitHub\Comp426Final\functions\node_modules\google-gax\build\src\index.js
[debug] [2019-12-09T23:55:02.354Z] [runtime-status] [9508] Outgoing network have been stubbed. [{"name":"http","status":"mocked"},{"name":"http","status":"mocked"},{"name":"https","status":"mocked"},{"name":"https","status":"mocked"},{"name":"net","status":"mocked"},{"name":"google-gax","status":"mocked"}]
[debug] [2019-12-09T23:55:02.477Z] [runtime-status] [9508] Checked functions.config() {"config":{}}
[debug] [2019-12-09T23:55:02.479Z] [runtime-status] [9508] Resolved module firebase-functions {"declared":true,"installed":true,"version":"3.3.0","resolution":"C:\\Users\\walanpat\\Documents\\GitHub\\Comp426Final\\functions\\node_modules\\firebase-functions\\lib\\index.js"}
[debug] [2019-12-09T23:55:02.483Z] [runtime-status] [9508] Resolved module firebase-admin {"declared":true,"installed":true,"version":"8.8.0","resolution":"C:\\Users\\walanpat\\Documents\\GitHub\\Comp426Final\\functions\\node_modules\\firebase-admin\\lib\\index.js"}
[debug] [2019-12-09T23:55:02.485Z] [runtime-status] [9508] Resolved module firebase-functions {"declared":true,"installed":true,"version":"3.3.0","resolution":"C:\\Users\\walanpat\\Documents\\GitHub\\Comp426Final\\functions\\node_modules\\firebase-functions\\lib\\index.js"}
[debug] [2019-12-09T23:55:02.610Z] [runtime-status] [9508] firebase-admin has been stubbed. {"adminResolution":{"declared":true,"installed":true,"version":"8.8.0","resolution":"C:\\Users\\walanpat\\Documents\\GitHub\\Comp426Final\\functions\\node_modules\\firebase-admin\\lib\\index.js"}}
[info] +  All emulators started, it is now safe to connect.
[debug] [2019-12-09T23:55:02.663Z] [worker-~diagnostic~-5aa103e7-3a7f-4d15-bbb0-774d534ff3eb]: exited
[debug] [2019-12-09T23:55:02.663Z] [worker-~diagnostic~-5aa103e7-3a7f-4d15-bbb0-774d534ff3eb]: FINISHED
r
